build/intermediates/manifest_merge_blame_file/debug/processDebugManifest/manifest-merger-blame-debug-report.txt
1<?xml version="1.0" encoding="utf-8"?>
2<manifest xmlns:android="http://schemas.android.com/apk/res/android"
3    package="com.transactpay.transactpay_android" >
4
5    <uses-sdk android:minSdkVersion="1" />
6
7    <uses-permission android:name="android.permission.INTERNET" />
7-->src/main/AndroidManifest.xml:4:5-67
7-->src/main/AndroidManifest.xml:4:22-64
8
9    <application>
9-->src/main/AndroidManifest.xml:6:5-33:19
10
11        <!-- Library Activities -->
12        <activity
12-->src/main/AndroidManifest.xml:8:9-12:68
13            android:name="com.transactpay.transactpay_android.Transactpay_start"
13-->src/main/AndroidManifest.xml:9:13-81
14            android:exported="true"
14-->src/main/AndroidManifest.xml:10:13-36
15            android:label="@string/app_name"
15-->src/main/AndroidManifest.xml:11:13-45
16            android:theme="@style/Theme.Transactpay_android_sdk" />
16-->src/main/AndroidManifest.xml:12:13-65
17        <activity
17-->src/main/AndroidManifest.xml:14:9-17:68
18            android:name="com.transactpay.transactpay_android.CardActivity"
18-->src/main/AndroidManifest.xml:15:13-76
19            android:label="@string/app_name"
19-->src/main/AndroidManifest.xml:16:13-45
20            android:theme="@style/Theme.Transactpay_android_sdk" />
20-->src/main/AndroidManifest.xml:17:13-65
21        <activity
21-->src/main/AndroidManifest.xml:19:9-22:68
22            android:name="com.transactpay.transactpay_android.ProcessingPage"
22-->src/main/AndroidManifest.xml:20:13-78
23            android:label="@string/app_name"
23-->src/main/AndroidManifest.xml:21:13-45
24            android:theme="@style/Theme.Transactpay_android_sdk" />
24-->src/main/AndroidManifest.xml:22:13-65
25        <activity
25-->src/main/AndroidManifest.xml:24:9-27:68
26            android:name="com.transactpay.transactpay_android.BankTransfer"
26-->src/main/AndroidManifest.xml:25:13-76
27            android:label="@string/app_name"
27-->src/main/AndroidManifest.xml:26:13-45
28            android:theme="@style/Theme.Transactpay_android_sdk" />
28-->src/main/AndroidManifest.xml:27:13-65
29        <activity
29-->src/main/AndroidManifest.xml:29:9-32:68
30            android:name="com.transactpay.transactpay_android.SelectBank"
30-->src/main/AndroidManifest.xml:30:13-74
31            android:label="@string/app_name"
31-->src/main/AndroidManifest.xml:31:13-45
32            android:theme="@style/Theme.Transactpay_android_sdk" />
32-->src/main/AndroidManifest.xml:32:13-65
33    </application>
34
35</manifest>